11:13:25.123 [background-preinit] INFO  o.h.v.i.util.Version - [<clinit>,21] - HV000001: Hibernate Validator 6.2.3.Final
11:13:25.765 [main] INFO  c.a.n.c.r.client - [lambda$createClient$0,80] - [RpcClientFactory] create a new rpc client of 43e97889-5ffb-42e0-be69-b9b9cc13c572_config-0
11:13:25.797 [main] INFO  o.r.Reflections - [scan,232] - Reflections took 20 ms to scan 1 urls, producing 3 keys and 6 values 
11:13:25.819 [main] INFO  o.r.Reflections - [scan,232] - Reflections took 12 ms to scan 1 urls, producing 4 keys and 9 values 
11:13:25.830 [main] INFO  o.r.Reflections - [scan,232] - Reflections took 9 ms to scan 1 urls, producing 3 keys and 10 values 
11:13:25.962 [main] INFO  o.r.Reflections - [scan,232] - Reflections took 130 ms to scan 173 urls, producing 0 keys and 0 values 
11:13:25.972 [main] INFO  o.r.Reflections - [scan,232] - Reflections took 10 ms to scan 1 urls, producing 1 keys and 5 values 
11:13:25.983 [main] INFO  o.r.Reflections - [scan,232] - Reflections took 9 ms to scan 1 urls, producing 1 keys and 7 values 
11:13:25.996 [main] INFO  o.r.Reflections - [scan,232] - Reflections took 9 ms to scan 1 urls, producing 2 keys and 8 values 
11:13:26.149 [main] INFO  o.r.Reflections - [scan,232] - Reflections took 151 ms to scan 173 urls, producing 0 keys and 0 values 
11:13:26.151 [main] INFO  c.a.n.c.r.client - [printIfInfoEnabled,60] - [43e97889-5ffb-42e0-be69-b9b9cc13c572_config-0] RpcClient init label, labels = {module=config, Vipserver-Tag=null, source=sdk, Amory-Tag=null, Location-Tag=null, taskId=0, AppName=unknown}
11:13:26.151 [main] INFO  c.a.n.c.r.client - [printIfInfoEnabled,60] - [43e97889-5ffb-42e0-be69-b9b9cc13c572_config-0] Register server push request handler:com.alibaba.nacos.client.config.impl.ClientWorker$ConfigRpcTransportClient$$Lambda$333/2118096382
11:13:26.152 [main] INFO  c.a.n.c.r.client - [printIfInfoEnabled,60] - [43e97889-5ffb-42e0-be69-b9b9cc13c572_config-0] Register server push request handler:com.alibaba.nacos.client.config.impl.ClientWorker$ConfigRpcTransportClient$$Lambda$334/878861517
11:13:26.152 [main] INFO  c.a.n.c.r.client - [printIfInfoEnabled,60] - [43e97889-5ffb-42e0-be69-b9b9cc13c572_config-0] Registry connection listener to current client:com.alibaba.nacos.client.config.impl.ClientWorker$ConfigRpcTransportClient$1
11:13:26.153 [main] INFO  c.a.n.c.r.client - [printIfInfoEnabled,60] - [43e97889-5ffb-42e0-be69-b9b9cc13c572_config-0] RpcClient init, ServerListFactory = com.alibaba.nacos.client.config.impl.ClientWorker$ConfigRpcTransportClient$2
11:13:26.160 [main] INFO  c.a.n.c.r.client - [printIfInfoEnabled,60] - [43e97889-5ffb-42e0-be69-b9b9cc13c572_config-0] Try to connect to server on start up, server: {serverIp = '127.0.0.1', server main port = 8848}
11:13:27.172 [main] INFO  c.a.n.c.r.client - [printIfInfoEnabled,60] - [43e97889-5ffb-42e0-be69-b9b9cc13c572_config-0] Success to connect to server [127.0.0.1:8848] on start up, connectionId = 1657163606964_127.0.0.1_49280
11:13:27.172 [com.alibaba.nacos.client.remote.worker] INFO  c.a.n.c.r.client - [printIfInfoEnabled,60] - [43e97889-5ffb-42e0-be69-b9b9cc13c572_config-0] Notify connected event to listeners.
11:13:27.172 [main] INFO  c.a.n.c.r.client - [printIfInfoEnabled,60] - [43e97889-5ffb-42e0-be69-b9b9cc13c572_config-0] Register server push request handler:com.alibaba.nacos.common.remote.client.RpcClient$ConnectResetRequestHandler
11:13:27.173 [main] INFO  c.a.n.c.r.client - [printIfInfoEnabled,60] - [43e97889-5ffb-42e0-be69-b9b9cc13c572_config-0] Register server push request handler:com.alibaba.nacos.common.remote.client.RpcClient$$Lambda$343/1104654975
11:13:27.220 [main] INFO  c.r.a.RuoYiAuthApplication - [logStartupProfileInfo,651] - The following 1 profile is active: "dev"
11:13:28.286 [main] INFO  o.a.c.h.Http11NioProtocol - [log,173] - Initializing ProtocolHandler ["http-nio-9200"]
11:13:28.287 [main] INFO  o.a.c.c.StandardService - [log,173] - Starting service [Tomcat]
11:13:28.287 [main] INFO  o.a.c.c.StandardEngine - [log,173] - Starting Servlet engine: [Apache Tomcat/9.0.63]
11:13:28.397 [main] INFO  o.a.c.c.C.[.[.[/] - [log,173] - Initializing Spring embedded WebApplicationContext
11:13:28.992 [main] INFO  c.a.c.s.SentinelWebMvcConfigurer - [addInterceptors,52] - [Sentinel Starter] register SentinelWebInterceptor with urlPatterns: [/**].
11:13:29.243 [main] INFO  c.a.n.c.r.client - [lambda$createClient$0,80] - [RpcClientFactory] create a new rpc client of 9ca4a372-33c3-4011-9268-6ca35fe3f8e8
11:13:29.243 [main] INFO  c.a.n.c.r.client - [printIfInfoEnabled,60] - [9ca4a372-33c3-4011-9268-6ca35fe3f8e8] RpcClient init label, labels = {module=naming, source=sdk}
11:13:29.244 [main] INFO  c.a.n.c.r.client - [printIfInfoEnabled,60] - [9ca4a372-33c3-4011-9268-6ca35fe3f8e8] RpcClient init, ServerListFactory = com.alibaba.nacos.client.naming.core.ServerListManager
11:13:29.244 [main] INFO  c.a.n.c.r.client - [printIfInfoEnabled,60] - [9ca4a372-33c3-4011-9268-6ca35fe3f8e8] Registry connection listener to current client:com.alibaba.nacos.client.naming.remote.gprc.redo.NamingGrpcRedoService
11:13:29.244 [main] INFO  c.a.n.c.r.client - [printIfInfoEnabled,60] - [9ca4a372-33c3-4011-9268-6ca35fe3f8e8] Register server push request handler:com.alibaba.nacos.client.naming.remote.gprc.NamingPushRequestHandler
11:13:29.245 [main] INFO  c.a.n.c.r.client - [printIfInfoEnabled,60] - [9ca4a372-33c3-4011-9268-6ca35fe3f8e8] Try to connect to server on start up, server: {serverIp = '127.0.0.1', server main port = 8848}
11:13:29.365 [main] INFO  c.a.n.c.r.client - [printIfInfoEnabled,60] - [9ca4a372-33c3-4011-9268-6ca35fe3f8e8] Success to connect to server [127.0.0.1:8848] on start up, connectionId = 1657163609249_127.0.0.1_49281
11:13:29.365 [main] INFO  c.a.n.c.r.client - [printIfInfoEnabled,60] - [9ca4a372-33c3-4011-9268-6ca35fe3f8e8] Register server push request handler:com.alibaba.nacos.common.remote.client.RpcClient$ConnectResetRequestHandler
11:13:29.365 [com.alibaba.nacos.client.remote.worker] INFO  c.a.n.c.r.client - [printIfInfoEnabled,60] - [9ca4a372-33c3-4011-9268-6ca35fe3f8e8] Notify connected event to listeners.
11:13:29.365 [main] INFO  c.a.n.c.r.client - [printIfInfoEnabled,60] - [9ca4a372-33c3-4011-9268-6ca35fe3f8e8] Register server push request handler:com.alibaba.nacos.common.remote.client.RpcClient$$Lambda$343/1104654975
11:13:29.943 [main] INFO  o.a.c.h.Http11NioProtocol - [log,173] - Starting ProtocolHandler ["http-nio-9200"]
11:13:29.960 [main] INFO  c.a.c.n.r.NacosServiceRegistry - [register,75] - nacos registry, DEFAULT_GROUP ruoyi-auth 10.0.149.45:9200 register finished
11:13:30.114 [main] INFO  c.r.a.RuoYiAuthApplication - [logStarted,61] - Started RuoYiAuthApplication in 5.556 seconds (JVM running for 6.508)
11:13:30.120 [main] INFO  c.a.c.n.r.NacosContextRefresher - [registerNacosListenersForApplications,105] - listening config: dataId=ruoyi-auth.yml, group=DEFAULT_GROUP
11:13:30.121 [main] INFO  c.a.c.n.r.NacosContextRefresher - [registerNacosListenersForApplications,105] - listening config: dataId=ruoyi-auth-dev.yml, group=DEFAULT_GROUP
11:13:30.121 [main] INFO  c.a.c.n.r.NacosContextRefresher - [registerNacosListenersForApplications,105] - listening config: dataId=ruoyi-auth, group=DEFAULT_GROUP
11:13:30.441 [nacos-grpc-client-executor-7] INFO  c.a.n.c.r.client - [printIfInfoEnabled,60] - [9ca4a372-33c3-4011-9268-6ca35fe3f8e8] Receive server push request, request = NotifySubscriberRequest, requestId = 5
11:13:30.444 [nacos-grpc-client-executor-7] INFO  c.a.n.c.r.client - [printIfInfoEnabled,60] - [9ca4a372-33c3-4011-9268-6ca35fe3f8e8] Ack server push request, request = NotifySubscriberRequest, requestId = 5
11:13:30.591 [RMI TCP Connection(7)-10.0.149.45] INFO  o.a.c.c.C.[.[.[/] - [log,173] - Initializing Spring DispatcherServlet 'dispatcherServlet'
11:22:51.654 [nacos-grpc-client-executor-128] INFO  c.a.n.c.r.client - [printIfInfoEnabled,60] - [9ca4a372-33c3-4011-9268-6ca35fe3f8e8] Receive server push request, request = NotifySubscriberRequest, requestId = 9
11:22:51.655 [nacos-grpc-client-executor-128] INFO  c.a.n.c.r.client - [printIfInfoEnabled,60] - [9ca4a372-33c3-4011-9268-6ca35fe3f8e8] Ack server push request, request = NotifySubscriberRequest, requestId = 9
17:59:25.197 [com.alibaba.nacos.client.remote.worker] INFO  c.a.n.c.r.client - [printIfInfoEnabled,60] - [43e97889-5ffb-42e0-be69-b9b9cc13c572_config-0] Try to reconnect to a new server, server is  not appointed, will choose a random server.
17:59:25.197 [com.alibaba.nacos.client.remote.worker] INFO  c.a.n.c.r.client - [printIfInfoEnabled,60] - [9ca4a372-33c3-4011-9268-6ca35fe3f8e8] Try to reconnect to a new server, server is  not appointed, will choose a random server.
17:59:26.397 [lettuce-nioEventLoop-4-1] INFO  i.l.c.p.CommandHandler - [log,217] - null Unexpected exception during request: java.io.IOException: 远程主机强迫关闭了一个现有的连接。
java.io.IOException: 远程主机强迫关闭了一个现有的连接。
	at sun.nio.ch.SocketDispatcher.read0(Native Method)
	at sun.nio.ch.SocketDispatcher.read(SocketDispatcher.java:43)
	at sun.nio.ch.IOUtil.readIntoNativeBuffer(IOUtil.java:223)
	at sun.nio.ch.IOUtil.read(IOUtil.java:192)
	at sun.nio.ch.SocketChannelImpl.read(SocketChannelImpl.java:380)
	at io.netty.buffer.PooledByteBuf.setBytes(PooledByteBuf.java:258)
	at io.netty.buffer.AbstractByteBuf.writeBytes(AbstractByteBuf.java:1132)
	at io.netty.channel.socket.nio.NioSocketChannel.doReadBytes(NioSocketChannel.java:357)
	at io.netty.channel.nio.AbstractNioByteChannel$NioByteUnsafe.read(AbstractNioByteChannel.java:151)
	at io.netty.channel.nio.NioEventLoop.processSelectedKey(NioEventLoop.java:722)
	at io.netty.channel.nio.NioEventLoop.processSelectedKeysOptimized(NioEventLoop.java:658)
	at io.netty.channel.nio.NioEventLoop.processSelectedKeys(NioEventLoop.java:584)
	at io.netty.channel.nio.NioEventLoop.run(NioEventLoop.java:496)
	at io.netty.util.concurrent.SingleThreadEventExecutor$4.run(SingleThreadEventExecutor.java:995)
	at io.netty.util.internal.ThreadExecutorMap$2.run(ThreadExecutorMap.java:74)
	at io.netty.util.concurrent.FastThreadLocalRunnable.run(FastThreadLocalRunnable.java:30)
	at java.lang.Thread.run(Thread.java:748)
17:59:26.397 [lettuce-nioEventLoop-4-2] INFO  i.l.c.p.CommandHandler - [log,217] - null Unexpected exception during request: java.io.IOException: 远程主机强迫关闭了一个现有的连接。
java.io.IOException: 远程主机强迫关闭了一个现有的连接。
	at sun.nio.ch.SocketDispatcher.read0(Native Method)
	at sun.nio.ch.SocketDispatcher.read(SocketDispatcher.java:43)
	at sun.nio.ch.IOUtil.readIntoNativeBuffer(IOUtil.java:223)
	at sun.nio.ch.IOUtil.read(IOUtil.java:192)
	at sun.nio.ch.SocketChannelImpl.read(SocketChannelImpl.java:380)
	at io.netty.buffer.PooledByteBuf.setBytes(PooledByteBuf.java:258)
	at io.netty.buffer.AbstractByteBuf.writeBytes(AbstractByteBuf.java:1132)
	at io.netty.channel.socket.nio.NioSocketChannel.doReadBytes(NioSocketChannel.java:357)
	at io.netty.channel.nio.AbstractNioByteChannel$NioByteUnsafe.read(AbstractNioByteChannel.java:151)
	at io.netty.channel.nio.NioEventLoop.processSelectedKey(NioEventLoop.java:722)
	at io.netty.channel.nio.NioEventLoop.processSelectedKeysOptimized(NioEventLoop.java:658)
	at io.netty.channel.nio.NioEventLoop.processSelectedKeys(NioEventLoop.java:584)
	at io.netty.channel.nio.NioEventLoop.run(NioEventLoop.java:496)
	at io.netty.util.concurrent.SingleThreadEventExecutor$4.run(SingleThreadEventExecutor.java:995)
	at io.netty.util.internal.ThreadExecutorMap$2.run(ThreadExecutorMap.java:74)
	at io.netty.util.concurrent.FastThreadLocalRunnable.run(FastThreadLocalRunnable.java:30)
	at java.lang.Thread.run(Thread.java:748)
17:59:26.438 [lettuce-eventExecutorLoop-1-4] INFO  i.l.c.p.ConnectionWatchdog - [log,171] - Reconnecting, last destination was localhost/127.0.0.1:6379
17:59:26.438 [lettuce-eventExecutorLoop-1-3] INFO  i.l.c.p.ConnectionWatchdog - [log,171] - Reconnecting, last destination was localhost/127.0.0.1:6379
17:59:29.441 [com.alibaba.nacos.client.remote.worker] INFO  c.a.n.c.r.client - [printIfInfoEnabled,60] - [9ca4a372-33c3-4011-9268-6ca35fe3f8e8] Fail to connect server, after trying 1 times, last try server is {serverIp = '127.0.0.1', server main port = 8848}, error = unknown
17:59:29.441 [com.alibaba.nacos.client.remote.worker] INFO  c.a.n.c.r.client - [printIfInfoEnabled,60] - [43e97889-5ffb-42e0-be69-b9b9cc13c572_config-0] Fail to connect server, after trying 1 times, last try server is {serverIp = '127.0.0.1', server main port = 8848}, error = unknown
17:59:31.694 [com.alibaba.nacos.client.remote.worker] INFO  c.a.n.c.r.client - [printIfInfoEnabled,60] - [9ca4a372-33c3-4011-9268-6ca35fe3f8e8] Fail to connect server, after trying 2 times, last try server is {serverIp = '127.0.0.1', server main port = 8848}, error = unknown
17:59:31.695 [com.alibaba.nacos.client.remote.worker] INFO  c.a.n.c.r.client - [printIfInfoEnabled,60] - [43e97889-5ffb-42e0-be69-b9b9cc13c572_config-0] Fail to connect server, after trying 2 times, last try server is {serverIp = '127.0.0.1', server main port = 8848}, error = unknown
17:59:32.729 [lettuce-eventExecutorLoop-1-9] INFO  i.l.c.p.ConnectionWatchdog - [log,171] - Reconnecting, last destination was localhost:6379
17:59:32.729 [lettuce-eventExecutorLoop-1-10] INFO  i.l.c.p.ConnectionWatchdog - [log,171] - Reconnecting, last destination was localhost:6379
17:59:33.072 [SpringApplicationShutdownHook] INFO  c.a.c.n.r.NacosServiceRegistry - [deregister,94] - De-registering from Nacos Server now...
17:59:33.390 [SpringApplicationShutdownHook] INFO  c.a.c.n.r.NacosServiceRegistry - [deregister,114] - De-registration finished.
17:59:33.717 [SpringApplicationShutdownHook] INFO  c.a.n.c.r.client - [shutdown,454] - Shutdown rpc client, set status to shutdown
17:59:33.717 [SpringApplicationShutdownHook] INFO  c.a.n.c.r.client - [shutdown,456] - Shutdown client event executor java.util.concurrent.ScheduledThreadPoolExecutor@60c07625[Running, pool size = 2, active threads = 2, queued tasks = 0, completed tasks = 0]
17:59:33.717 [SpringApplicationShutdownHook] INFO  c.a.n.c.r.client - [closeConnection,591] - Close current connection 1657163609249_127.0.0.1_49281
17:59:33.718 [SpringApplicationShutdownHook] INFO  c.a.n.c.r.c.g.GrpcClient - [shutdown,85] - Shutdown grpc executor java.util.concurrent.ThreadPoolExecutor@1f2eab24[Running, pool size = 7, active threads = 0, queued tasks = 0, completed tasks = 4896]
17:59:33.719 [com.alibaba.nacos.client.remote.worker] INFO  c.a.n.c.r.client - [closeConnection,591] - Close current connection 1657163609249_127.0.0.1_49281
17:59:33.720 [com.alibaba.nacos.client.remote.worker] INFO  c.a.n.c.r.client - [printIfInfoEnabled,60] - [9ca4a372-33c3-4011-9268-6ca35fe3f8e8] Fail to connect server, after trying 3 times, last try server is {serverIp = '127.0.0.1', server main port = 8848}, error = unknown
