14:49:27.064 [background-preinit] INFO  o.h.v.i.util.Version - [<clinit>,21] - HV000001: Hibernate Validator 6.2.3.Final
14:49:27.532 [main] INFO  c.a.n.c.r.client - [lambda$createClient$0,80] - [RpcClientFactory] create a new rpc client of ae32e4ed-665e-4c00-9e7f-72b49a9b7c6d_config-0
14:49:27.563 [main] INFO  o.r.Reflections - [scan,232] - Reflections took 20 ms to scan 1 urls, producing 3 keys and 6 values 
14:49:27.582 [main] INFO  o.r.Reflections - [scan,232] - Reflections took 10 ms to scan 1 urls, producing 4 keys and 9 values 
14:49:27.594 [main] INFO  o.r.Reflections - [scan,232] - Reflections took 10 ms to scan 1 urls, producing 3 keys and 10 values 
14:49:27.711 [main] INFO  o.r.Reflections - [scan,232] - Reflections took 115 ms to scan 173 urls, producing 0 keys and 0 values 
14:49:27.720 [main] INFO  o.r.Reflections - [scan,232] - Reflections took 7 ms to scan 1 urls, producing 1 keys and 5 values 
14:49:27.729 [main] INFO  o.r.Reflections - [scan,232] - Reflections took 8 ms to scan 1 urls, producing 1 keys and 7 values 
14:49:27.738 [main] INFO  o.r.Reflections - [scan,232] - Reflections took 7 ms to scan 1 urls, producing 2 keys and 8 values 
14:49:27.842 [main] INFO  o.r.Reflections - [scan,232] - Reflections took 102 ms to scan 173 urls, producing 0 keys and 0 values 
14:49:27.843 [main] INFO  c.a.n.c.r.client - [printIfInfoEnabled,60] - [ae32e4ed-665e-4c00-9e7f-72b49a9b7c6d_config-0] RpcClient init label, labels = {module=config, Vipserver-Tag=null, source=sdk, Amory-Tag=null, Location-Tag=null, taskId=0, AppName=unknown}
14:49:27.843 [main] INFO  c.a.n.c.r.client - [printIfInfoEnabled,60] - [ae32e4ed-665e-4c00-9e7f-72b49a9b7c6d_config-0] Register server push request handler:com.alibaba.nacos.client.config.impl.ClientWorker$ConfigRpcTransportClient$$Lambda$333/2118096382
14:49:27.844 [main] INFO  c.a.n.c.r.client - [printIfInfoEnabled,60] - [ae32e4ed-665e-4c00-9e7f-72b49a9b7c6d_config-0] Register server push request handler:com.alibaba.nacos.client.config.impl.ClientWorker$ConfigRpcTransportClient$$Lambda$334/878861517
14:49:27.844 [main] INFO  c.a.n.c.r.client - [printIfInfoEnabled,60] - [ae32e4ed-665e-4c00-9e7f-72b49a9b7c6d_config-0] Registry connection listener to current client:com.alibaba.nacos.client.config.impl.ClientWorker$ConfigRpcTransportClient$1
14:49:27.844 [main] INFO  c.a.n.c.r.client - [printIfInfoEnabled,60] - [ae32e4ed-665e-4c00-9e7f-72b49a9b7c6d_config-0] RpcClient init, ServerListFactory = com.alibaba.nacos.client.config.impl.ClientWorker$ConfigRpcTransportClient$2
14:49:27.849 [main] INFO  c.a.n.c.r.client - [printIfInfoEnabled,60] - [ae32e4ed-665e-4c00-9e7f-72b49a9b7c6d_config-0] Try to connect to server on start up, server: {serverIp = '127.0.0.1', server main port = 8848}
14:49:28.658 [main] INFO  c.a.n.c.r.client - [printIfInfoEnabled,60] - [ae32e4ed-665e-4c00-9e7f-72b49a9b7c6d_config-0] Success to connect to server [127.0.0.1:8848] on start up, connectionId = 1657608568437_127.0.0.1_52082
14:49:28.659 [com.alibaba.nacos.client.remote.worker] INFO  c.a.n.c.r.client - [printIfInfoEnabled,60] - [ae32e4ed-665e-4c00-9e7f-72b49a9b7c6d_config-0] Notify connected event to listeners.
14:49:28.659 [main] INFO  c.a.n.c.r.client - [printIfInfoEnabled,60] - [ae32e4ed-665e-4c00-9e7f-72b49a9b7c6d_config-0] Register server push request handler:com.alibaba.nacos.common.remote.client.RpcClient$ConnectResetRequestHandler
14:49:28.659 [main] INFO  c.a.n.c.r.client - [printIfInfoEnabled,60] - [ae32e4ed-665e-4c00-9e7f-72b49a9b7c6d_config-0] Register server push request handler:com.alibaba.nacos.common.remote.client.RpcClient$$Lambda$343/1104654975
14:49:28.710 [main] INFO  c.r.a.RuoYiAuthApplication - [logStartupProfileInfo,651] - The following 1 profile is active: "dev"
14:49:29.699 [main] INFO  o.a.c.h.Http11NioProtocol - [log,173] - Initializing ProtocolHandler ["http-nio-9200"]
14:49:29.700 [main] INFO  o.a.c.c.StandardService - [log,173] - Starting service [Tomcat]
14:49:29.700 [main] INFO  o.a.c.c.StandardEngine - [log,173] - Starting Servlet engine: [Apache Tomcat/9.0.63]
14:49:29.802 [main] INFO  o.a.c.c.C.[.[.[/] - [log,173] - Initializing Spring embedded WebApplicationContext
14:49:30.386 [main] INFO  c.a.c.s.SentinelWebMvcConfigurer - [addInterceptors,52] - [Sentinel Starter] register SentinelWebInterceptor with urlPatterns: [/**].
14:49:30.715 [main] INFO  c.a.n.c.r.client - [lambda$createClient$0,80] - [RpcClientFactory] create a new rpc client of 34ceec21-a24f-49aa-aa95-345af9f2ef35
14:49:30.715 [main] INFO  c.a.n.c.r.client - [printIfInfoEnabled,60] - [34ceec21-a24f-49aa-aa95-345af9f2ef35] RpcClient init label, labels = {module=naming, source=sdk}
14:49:30.716 [main] INFO  c.a.n.c.r.client - [printIfInfoEnabled,60] - [34ceec21-a24f-49aa-aa95-345af9f2ef35] RpcClient init, ServerListFactory = com.alibaba.nacos.client.naming.core.ServerListManager
14:49:30.717 [main] INFO  c.a.n.c.r.client - [printIfInfoEnabled,60] - [34ceec21-a24f-49aa-aa95-345af9f2ef35] Registry connection listener to current client:com.alibaba.nacos.client.naming.remote.gprc.redo.NamingGrpcRedoService
14:49:30.717 [main] INFO  c.a.n.c.r.client - [printIfInfoEnabled,60] - [34ceec21-a24f-49aa-aa95-345af9f2ef35] Register server push request handler:com.alibaba.nacos.client.naming.remote.gprc.NamingPushRequestHandler
14:49:30.717 [main] INFO  c.a.n.c.r.client - [printIfInfoEnabled,60] - [34ceec21-a24f-49aa-aa95-345af9f2ef35] Try to connect to server on start up, server: {serverIp = '127.0.0.1', server main port = 8848}
14:49:30.833 [main] INFO  c.a.n.c.r.client - [printIfInfoEnabled,60] - [34ceec21-a24f-49aa-aa95-345af9f2ef35] Success to connect to server [127.0.0.1:8848] on start up, connectionId = 1657608570722_127.0.0.1_52083
14:49:30.833 [main] INFO  c.a.n.c.r.client - [printIfInfoEnabled,60] - [34ceec21-a24f-49aa-aa95-345af9f2ef35] Register server push request handler:com.alibaba.nacos.common.remote.client.RpcClient$ConnectResetRequestHandler
14:49:30.833 [com.alibaba.nacos.client.remote.worker] INFO  c.a.n.c.r.client - [printIfInfoEnabled,60] - [34ceec21-a24f-49aa-aa95-345af9f2ef35] Notify connected event to listeners.
14:49:30.833 [main] INFO  c.a.n.c.r.client - [printIfInfoEnabled,60] - [34ceec21-a24f-49aa-aa95-345af9f2ef35] Register server push request handler:com.alibaba.nacos.common.remote.client.RpcClient$$Lambda$343/1104654975
14:49:31.311 [main] INFO  o.a.c.h.Http11NioProtocol - [log,173] - Starting ProtocolHandler ["http-nio-9200"]
14:49:31.328 [main] INFO  c.a.c.n.r.NacosServiceRegistry - [register,75] - nacos registry, DEFAULT_GROUP ruoyi-auth 10.0.171.54:9200 register finished
14:49:31.477 [main] INFO  c.r.a.RuoYiAuthApplication - [logStarted,61] - Started RuoYiAuthApplication in 4.868 seconds (JVM running for 5.467)
14:49:31.483 [main] INFO  c.a.c.n.r.NacosContextRefresher - [registerNacosListenersForApplications,105] - listening config: dataId=ruoyi-auth.yml, group=DEFAULT_GROUP
14:49:31.484 [main] INFO  c.a.c.n.r.NacosContextRefresher - [registerNacosListenersForApplications,105] - listening config: dataId=ruoyi-auth-dev.yml, group=DEFAULT_GROUP
14:49:31.484 [main] INFO  c.a.c.n.r.NacosContextRefresher - [registerNacosListenersForApplications,105] - listening config: dataId=ruoyi-auth, group=DEFAULT_GROUP
14:49:31.872 [RMI TCP Connection(1)-10.0.171.54] INFO  o.a.c.c.C.[.[.[/] - [log,173] - Initializing Spring DispatcherServlet 'dispatcherServlet'
14:49:31.894 [nacos-grpc-client-executor-8] INFO  c.a.n.c.r.client - [printIfInfoEnabled,60] - [34ceec21-a24f-49aa-aa95-345af9f2ef35] Receive server push request, request = NotifySubscriberRequest, requestId = 2
14:49:31.898 [nacos-grpc-client-executor-8] INFO  c.a.n.c.r.client - [printIfInfoEnabled,60] - [34ceec21-a24f-49aa-aa95-345af9f2ef35] Ack server push request, request = NotifySubscriberRequest, requestId = 2
18:04:14.078 [SpringApplicationShutdownHook] INFO  c.a.c.n.r.NacosServiceRegistry - [deregister,94] - De-registering from Nacos Server now...
18:04:14.083 [SpringApplicationShutdownHook] INFO  c.a.c.n.r.NacosServiceRegistry - [deregister,114] - De-registration finished.
18:04:14.421 [SpringApplicationShutdownHook] INFO  c.a.n.c.r.client - [shutdown,454] - Shutdown rpc client, set status to shutdown
18:04:14.421 [SpringApplicationShutdownHook] INFO  c.a.n.c.r.client - [shutdown,456] - Shutdown client event executor java.util.concurrent.ScheduledThreadPoolExecutor@31810fe5[Running, pool size = 2, active threads = 2, queued tasks = 0, completed tasks = 0]
18:04:14.422 [SpringApplicationShutdownHook] INFO  c.a.n.c.r.client - [closeConnection,591] - Close current connection 1657608570722_127.0.0.1_52083
18:04:14.425 [nacos-grpc-client-executor-2363] INFO  c.a.n.c.r.c.g.GrpcClient - [printIfInfoEnabled,60] - [1657608570722_127.0.0.1_52083]Ignore complete event,isRunning:false,isAbandon=false
18:04:14.431 [SpringApplicationShutdownHook] INFO  c.a.n.c.r.c.g.GrpcClient - [shutdown,85] - Shutdown grpc executor java.util.concurrent.ThreadPoolExecutor@42309950[Running, pool size = 5, active threads = 0, queued tasks = 0, completed tasks = 2364]
