11:14:28.553 [background-preinit] INFO  o.h.v.i.util.Version - [<clinit>,21] - HV000001: Hibernate Validator 6.2.3.Final
11:14:29.316 [main] INFO  c.a.n.c.r.client - [lambda$createClient$0,80] - [RpcClientFactory] create a new rpc client of ddbc2b48-f1b5-4a21-96ba-aba84eaa6d80_config-0
11:14:29.396 [main] INFO  o.r.Reflections - [scan,232] - Reflections took 46 ms to scan 1 urls, producing 3 keys and 6 values 
11:14:29.431 [main] INFO  o.r.Reflections - [scan,232] - Reflections took 13 ms to scan 1 urls, producing 4 keys and 9 values 
11:14:29.444 [main] INFO  o.r.Reflections - [scan,232] - Reflections took 10 ms to scan 1 urls, producing 3 keys and 10 values 
11:14:29.635 [main] INFO  o.r.Reflections - [scan,232] - Reflections took 187 ms to scan 247 urls, producing 0 keys and 0 values 
11:14:29.648 [main] INFO  o.r.Reflections - [scan,232] - Reflections took 12 ms to scan 1 urls, producing 1 keys and 5 values 
11:14:29.663 [main] INFO  o.r.Reflections - [scan,232] - Reflections took 12 ms to scan 1 urls, producing 1 keys and 7 values 
11:14:29.674 [main] INFO  o.r.Reflections - [scan,232] - Reflections took 8 ms to scan 1 urls, producing 2 keys and 8 values 
11:14:29.828 [main] INFO  o.r.Reflections - [scan,232] - Reflections took 150 ms to scan 247 urls, producing 0 keys and 0 values 
11:14:29.832 [main] INFO  c.a.n.c.r.client - [printIfInfoEnabled,60] - [ddbc2b48-f1b5-4a21-96ba-aba84eaa6d80_config-0] RpcClient init label, labels = {module=config, Vipserver-Tag=null, source=sdk, Amory-Tag=null, Location-Tag=null, taskId=0, AppName=unknown}
11:14:29.833 [main] INFO  c.a.n.c.r.client - [printIfInfoEnabled,60] - [ddbc2b48-f1b5-4a21-96ba-aba84eaa6d80_config-0] Register server push request handler:com.alibaba.nacos.client.config.impl.ClientWorker$ConfigRpcTransportClient$$Lambda$384/41141427
11:14:29.833 [main] INFO  c.a.n.c.r.client - [printIfInfoEnabled,60] - [ddbc2b48-f1b5-4a21-96ba-aba84eaa6d80_config-0] Register server push request handler:com.alibaba.nacos.client.config.impl.ClientWorker$ConfigRpcTransportClient$$Lambda$385/604664189
11:14:29.835 [main] INFO  c.a.n.c.r.client - [printIfInfoEnabled,60] - [ddbc2b48-f1b5-4a21-96ba-aba84eaa6d80_config-0] Registry connection listener to current client:com.alibaba.nacos.client.config.impl.ClientWorker$ConfigRpcTransportClient$1
11:14:29.836 [main] INFO  c.a.n.c.r.client - [printIfInfoEnabled,60] - [ddbc2b48-f1b5-4a21-96ba-aba84eaa6d80_config-0] RpcClient init, ServerListFactory = com.alibaba.nacos.client.config.impl.ClientWorker$ConfigRpcTransportClient$2
11:14:29.846 [main] INFO  c.a.n.c.r.client - [printIfInfoEnabled,60] - [ddbc2b48-f1b5-4a21-96ba-aba84eaa6d80_config-0] Try to connect to server on start up, server: {serverIp = '127.0.0.1', server main port = 8848}
11:14:31.285 [main] INFO  c.a.n.c.r.client - [printIfInfoEnabled,60] - [ddbc2b48-f1b5-4a21-96ba-aba84eaa6d80_config-0] Success to connect to server [127.0.0.1:8848] on start up, connectionId = 1657163671039_127.0.0.1_49689
11:14:31.286 [com.alibaba.nacos.client.remote.worker] INFO  c.a.n.c.r.client - [printIfInfoEnabled,60] - [ddbc2b48-f1b5-4a21-96ba-aba84eaa6d80_config-0] Notify connected event to listeners.
11:14:31.286 [main] INFO  c.a.n.c.r.client - [printIfInfoEnabled,60] - [ddbc2b48-f1b5-4a21-96ba-aba84eaa6d80_config-0] Register server push request handler:com.alibaba.nacos.common.remote.client.RpcClient$ConnectResetRequestHandler
11:14:31.287 [main] INFO  c.a.n.c.r.client - [printIfInfoEnabled,60] - [ddbc2b48-f1b5-4a21-96ba-aba84eaa6d80_config-0] Register server push request handler:com.alibaba.nacos.common.remote.client.RpcClient$$Lambda$394/1876191870
11:14:31.383 [main] INFO  c.r.s.RuoYiSystemApplication - [logStartupProfileInfo,651] - The following 1 profile is active: "dev"
11:14:34.338 [main] INFO  o.a.c.h.Http11NioProtocol - [log,173] - Initializing ProtocolHandler ["http-nio-9201"]
11:14:34.340 [main] INFO  o.a.c.c.StandardService - [log,173] - Starting service [Tomcat]
11:14:34.340 [main] INFO  o.a.c.c.StandardEngine - [log,173] - Starting Servlet engine: [Apache Tomcat/9.0.63]
11:14:34.500 [main] INFO  o.a.c.c.C.[.[.[/] - [log,173] - Initializing Spring embedded WebApplicationContext
11:14:35.161 [main] INFO  c.a.d.p.DruidDataSource - [init,972] - {dataSource-1,master} inited
11:14:35.167 [main] INFO  o.a.c.c.StandardService - [log,173] - Stopping service [Tomcat]
11:14:35.188 [Druid-ConnectionPool-Create-114668947] INFO  c.a.d.p.DruidAbstractDataSource - [setFailContinuous,1790] - {dataSource-1} failContinuous is true
11:15:24.589 [background-preinit] INFO  o.h.v.i.util.Version - [<clinit>,21] - HV000001: Hibernate Validator 6.2.3.Final
11:15:25.099 [main] INFO  c.a.n.c.r.client - [lambda$createClient$0,80] - [RpcClientFactory] create a new rpc client of 230d6dca-e724-4b9a-93c2-d2cb2849cf62_config-0
11:15:25.131 [main] INFO  o.r.Reflections - [scan,232] - Reflections took 21 ms to scan 1 urls, producing 3 keys and 6 values 
11:15:25.157 [main] INFO  o.r.Reflections - [scan,232] - Reflections took 16 ms to scan 1 urls, producing 4 keys and 9 values 
11:15:25.167 [main] INFO  o.r.Reflections - [scan,232] - Reflections took 9 ms to scan 1 urls, producing 3 keys and 10 values 
11:15:25.301 [main] INFO  o.r.Reflections - [scan,232] - Reflections took 132 ms to scan 246 urls, producing 0 keys and 0 values 
11:15:25.309 [main] INFO  o.r.Reflections - [scan,232] - Reflections took 7 ms to scan 1 urls, producing 1 keys and 5 values 
11:15:25.318 [main] INFO  o.r.Reflections - [scan,232] - Reflections took 7 ms to scan 1 urls, producing 1 keys and 7 values 
11:15:25.327 [main] INFO  o.r.Reflections - [scan,232] - Reflections took 7 ms to scan 1 urls, producing 2 keys and 8 values 
11:15:25.446 [main] INFO  o.r.Reflections - [scan,232] - Reflections took 116 ms to scan 246 urls, producing 0 keys and 0 values 
11:15:25.446 [main] INFO  c.a.n.c.r.client - [printIfInfoEnabled,60] - [230d6dca-e724-4b9a-93c2-d2cb2849cf62_config-0] RpcClient init label, labels = {module=config, Vipserver-Tag=null, source=sdk, Amory-Tag=null, Location-Tag=null, taskId=0, AppName=unknown}
11:15:25.447 [main] INFO  c.a.n.c.r.client - [printIfInfoEnabled,60] - [230d6dca-e724-4b9a-93c2-d2cb2849cf62_config-0] Register server push request handler:com.alibaba.nacos.client.config.impl.ClientWorker$ConfigRpcTransportClient$$Lambda$333/908384914
11:15:25.447 [main] INFO  c.a.n.c.r.client - [printIfInfoEnabled,60] - [230d6dca-e724-4b9a-93c2-d2cb2849cf62_config-0] Register server push request handler:com.alibaba.nacos.client.config.impl.ClientWorker$ConfigRpcTransportClient$$Lambda$334/905847077
11:15:25.447 [main] INFO  c.a.n.c.r.client - [printIfInfoEnabled,60] - [230d6dca-e724-4b9a-93c2-d2cb2849cf62_config-0] Registry connection listener to current client:com.alibaba.nacos.client.config.impl.ClientWorker$ConfigRpcTransportClient$1
11:15:25.448 [main] INFO  c.a.n.c.r.client - [printIfInfoEnabled,60] - [230d6dca-e724-4b9a-93c2-d2cb2849cf62_config-0] RpcClient init, ServerListFactory = com.alibaba.nacos.client.config.impl.ClientWorker$ConfigRpcTransportClient$2
11:15:25.453 [main] INFO  c.a.n.c.r.client - [printIfInfoEnabled,60] - [230d6dca-e724-4b9a-93c2-d2cb2849cf62_config-0] Try to connect to server on start up, server: {serverIp = '127.0.0.1', server main port = 8848}
11:15:26.347 [main] INFO  c.a.n.c.r.client - [printIfInfoEnabled,60] - [230d6dca-e724-4b9a-93c2-d2cb2849cf62_config-0] Success to connect to server [127.0.0.1:8848] on start up, connectionId = 1657163726111_127.0.0.1_49802
11:15:26.347 [com.alibaba.nacos.client.remote.worker] INFO  c.a.n.c.r.client - [printIfInfoEnabled,60] - [230d6dca-e724-4b9a-93c2-d2cb2849cf62_config-0] Notify connected event to listeners.
11:15:26.347 [main] INFO  c.a.n.c.r.client - [printIfInfoEnabled,60] - [230d6dca-e724-4b9a-93c2-d2cb2849cf62_config-0] Register server push request handler:com.alibaba.nacos.common.remote.client.RpcClient$ConnectResetRequestHandler
11:15:26.348 [main] INFO  c.a.n.c.r.client - [printIfInfoEnabled,60] - [230d6dca-e724-4b9a-93c2-d2cb2849cf62_config-0] Register server push request handler:com.alibaba.nacos.common.remote.client.RpcClient$$Lambda$343/2000410491
11:15:26.419 [main] INFO  c.r.s.RuoYiSystemApplication - [logStartupProfileInfo,651] - The following 1 profile is active: "dev"
11:15:28.190 [main] INFO  o.a.c.h.Http11NioProtocol - [log,173] - Initializing ProtocolHandler ["http-nio-9201"]
11:15:28.191 [main] INFO  o.a.c.c.StandardService - [log,173] - Starting service [Tomcat]
11:15:28.191 [main] INFO  o.a.c.c.StandardEngine - [log,173] - Starting Servlet engine: [Apache Tomcat/9.0.63]
11:15:28.334 [main] INFO  o.a.c.c.C.[.[.[/] - [log,173] - Initializing Spring embedded WebApplicationContext
11:15:29.055 [main] INFO  c.a.d.p.DruidDataSource - [init,972] - {dataSource-1,master} inited
11:15:29.055 [main] INFO  c.b.d.d.DynamicRoutingDataSource - [addDataSource,148] - dynamic-datasource - add a datasource named [master] success
11:15:29.056 [main] INFO  c.b.d.d.DynamicRoutingDataSource - [afterPropertiesSet,228] - dynamic-datasource initial loaded [1] datasource,primary datasource named [master]
11:15:31.002 [main] INFO  c.a.c.s.SentinelWebMvcConfigurer - [addInterceptors,52] - [Sentinel Starter] register SentinelWebInterceptor with urlPatterns: [/**].
11:15:31.297 [main] INFO  c.a.n.c.r.client - [lambda$createClient$0,80] - [RpcClientFactory] create a new rpc client of e45e170f-41ff-471d-b845-2b39c78c13f2
11:15:31.298 [main] INFO  c.a.n.c.r.client - [printIfInfoEnabled,60] - [e45e170f-41ff-471d-b845-2b39c78c13f2] RpcClient init label, labels = {module=naming, source=sdk}
11:15:31.299 [main] INFO  c.a.n.c.r.client - [printIfInfoEnabled,60] - [e45e170f-41ff-471d-b845-2b39c78c13f2] RpcClient init, ServerListFactory = com.alibaba.nacos.client.naming.core.ServerListManager
11:15:31.299 [main] INFO  c.a.n.c.r.client - [printIfInfoEnabled,60] - [e45e170f-41ff-471d-b845-2b39c78c13f2] Registry connection listener to current client:com.alibaba.nacos.client.naming.remote.gprc.redo.NamingGrpcRedoService
11:15:31.299 [main] INFO  c.a.n.c.r.client - [printIfInfoEnabled,60] - [e45e170f-41ff-471d-b845-2b39c78c13f2] Register server push request handler:com.alibaba.nacos.client.naming.remote.gprc.NamingPushRequestHandler
11:15:31.300 [main] INFO  c.a.n.c.r.client - [printIfInfoEnabled,60] - [e45e170f-41ff-471d-b845-2b39c78c13f2] Try to connect to server on start up, server: {serverIp = '127.0.0.1', server main port = 8848}
11:15:31.411 [main] INFO  c.a.n.c.r.client - [printIfInfoEnabled,60] - [e45e170f-41ff-471d-b845-2b39c78c13f2] Success to connect to server [127.0.0.1:8848] on start up, connectionId = 1657163731305_127.0.0.1_49848
11:15:31.411 [com.alibaba.nacos.client.remote.worker] INFO  c.a.n.c.r.client - [printIfInfoEnabled,60] - [e45e170f-41ff-471d-b845-2b39c78c13f2] Notify connected event to listeners.
11:15:31.411 [main] INFO  c.a.n.c.r.client - [printIfInfoEnabled,60] - [e45e170f-41ff-471d-b845-2b39c78c13f2] Register server push request handler:com.alibaba.nacos.common.remote.client.RpcClient$ConnectResetRequestHandler
11:15:31.411 [main] INFO  c.a.n.c.r.client - [printIfInfoEnabled,60] - [e45e170f-41ff-471d-b845-2b39c78c13f2] Register server push request handler:com.alibaba.nacos.common.remote.client.RpcClient$$Lambda$343/2000410491
11:15:32.469 [main] INFO  o.a.c.h.Http11NioProtocol - [log,173] - Starting ProtocolHandler ["http-nio-9201"]
11:15:32.489 [main] INFO  c.a.c.n.r.NacosServiceRegistry - [register,75] - nacos registry, DEFAULT_GROUP ruoyi-system 10.0.149.45:9201 register finished
11:15:32.978 [main] INFO  c.r.s.RuoYiSystemApplication - [logStarted,61] - Started RuoYiSystemApplication in 8.813 seconds (JVM running for 9.407)
11:15:32.986 [main] INFO  c.a.c.n.r.NacosContextRefresher - [registerNacosListenersForApplications,105] - listening config: dataId=ruoyi-system, group=DEFAULT_GROUP
11:15:32.986 [main] INFO  c.a.c.n.r.NacosContextRefresher - [registerNacosListenersForApplications,105] - listening config: dataId=ruoyi-system.yml, group=DEFAULT_GROUP
11:15:32.987 [main] INFO  c.a.c.n.r.NacosContextRefresher - [registerNacosListenersForApplications,105] - listening config: dataId=ruoyi-system-dev.yml, group=DEFAULT_GROUP
11:15:32.990 [nacos-grpc-client-executor-6] INFO  c.a.n.c.r.client - [printIfInfoEnabled,60] - [e45e170f-41ff-471d-b845-2b39c78c13f2] Receive server push request, request = NotifySubscriberRequest, requestId = 7
11:15:32.992 [nacos-grpc-client-executor-6] INFO  c.a.n.c.r.client - [printIfInfoEnabled,60] - [e45e170f-41ff-471d-b845-2b39c78c13f2] Ack server push request, request = NotifySubscriberRequest, requestId = 7
11:15:33.188 [RMI TCP Connection(1)-10.0.149.45] INFO  o.a.c.c.C.[.[.[/] - [log,173] - Initializing Spring DispatcherServlet 'dispatcherServlet'
17:59:25.194 [com.alibaba.nacos.client.remote.worker] INFO  c.a.n.c.r.client - [printIfInfoEnabled,60] - [230d6dca-e724-4b9a-93c2-d2cb2849cf62_config-0] Try to reconnect to a new server, server is  not appointed, will choose a random server.
17:59:25.194 [com.alibaba.nacos.client.remote.worker] INFO  c.a.n.c.r.client - [printIfInfoEnabled,60] - [e45e170f-41ff-471d-b845-2b39c78c13f2] Try to reconnect to a new server, server is  not appointed, will choose a random server.
17:59:26.410 [lettuce-nioEventLoop-4-2] INFO  i.l.c.p.CommandHandler - [log,217] - null Unexpected exception during request: java.io.IOException: 远程主机强迫关闭了一个现有的连接。
java.io.IOException: 远程主机强迫关闭了一个现有的连接。
	at sun.nio.ch.SocketDispatcher.read0(Native Method)
	at sun.nio.ch.SocketDispatcher.read(SocketDispatcher.java:43)
	at sun.nio.ch.IOUtil.readIntoNativeBuffer(IOUtil.java:223)
	at sun.nio.ch.IOUtil.read(IOUtil.java:192)
	at sun.nio.ch.SocketChannelImpl.read(SocketChannelImpl.java:380)
	at io.netty.buffer.PooledByteBuf.setBytes(PooledByteBuf.java:258)
	at io.netty.buffer.AbstractByteBuf.writeBytes(AbstractByteBuf.java:1132)
	at io.netty.channel.socket.nio.NioSocketChannel.doReadBytes(NioSocketChannel.java:357)
	at io.netty.channel.nio.AbstractNioByteChannel$NioByteUnsafe.read(AbstractNioByteChannel.java:151)
	at io.netty.channel.nio.NioEventLoop.processSelectedKey(NioEventLoop.java:722)
	at io.netty.channel.nio.NioEventLoop.processSelectedKeysOptimized(NioEventLoop.java:658)
	at io.netty.channel.nio.NioEventLoop.processSelectedKeys(NioEventLoop.java:584)
	at io.netty.channel.nio.NioEventLoop.run(NioEventLoop.java:496)
	at io.netty.util.concurrent.SingleThreadEventExecutor$4.run(SingleThreadEventExecutor.java:995)
	at io.netty.util.internal.ThreadExecutorMap$2.run(ThreadExecutorMap.java:74)
	at io.netty.util.concurrent.FastThreadLocalRunnable.run(FastThreadLocalRunnable.java:30)
	at java.lang.Thread.run(Thread.java:748)
17:59:26.410 [lettuce-nioEventLoop-4-1] INFO  i.l.c.p.CommandHandler - [log,217] - null Unexpected exception during request: java.io.IOException: 远程主机强迫关闭了一个现有的连接。
java.io.IOException: 远程主机强迫关闭了一个现有的连接。
	at sun.nio.ch.SocketDispatcher.read0(Native Method)
	at sun.nio.ch.SocketDispatcher.read(SocketDispatcher.java:43)
	at sun.nio.ch.IOUtil.readIntoNativeBuffer(IOUtil.java:223)
	at sun.nio.ch.IOUtil.read(IOUtil.java:192)
	at sun.nio.ch.SocketChannelImpl.read(SocketChannelImpl.java:380)
	at io.netty.buffer.PooledByteBuf.setBytes(PooledByteBuf.java:258)
	at io.netty.buffer.AbstractByteBuf.writeBytes(AbstractByteBuf.java:1132)
	at io.netty.channel.socket.nio.NioSocketChannel.doReadBytes(NioSocketChannel.java:357)
	at io.netty.channel.nio.AbstractNioByteChannel$NioByteUnsafe.read(AbstractNioByteChannel.java:151)
	at io.netty.channel.nio.NioEventLoop.processSelectedKey(NioEventLoop.java:722)
	at io.netty.channel.nio.NioEventLoop.processSelectedKeysOptimized(NioEventLoop.java:658)
	at io.netty.channel.nio.NioEventLoop.processSelectedKeys(NioEventLoop.java:584)
	at io.netty.channel.nio.NioEventLoop.run(NioEventLoop.java:496)
	at io.netty.util.concurrent.SingleThreadEventExecutor$4.run(SingleThreadEventExecutor.java:995)
	at io.netty.util.internal.ThreadExecutorMap$2.run(ThreadExecutorMap.java:74)
	at io.netty.util.concurrent.FastThreadLocalRunnable.run(FastThreadLocalRunnable.java:30)
	at java.lang.Thread.run(Thread.java:748)
17:59:26.474 [lettuce-eventExecutorLoop-1-12] INFO  i.l.c.p.ConnectionWatchdog - [log,171] - Reconnecting, last destination was localhost/127.0.0.1:6379
17:59:26.474 [lettuce-eventExecutorLoop-1-13] INFO  i.l.c.p.ConnectionWatchdog - [log,171] - Reconnecting, last destination was localhost/127.0.0.1:6379
17:59:29.443 [com.alibaba.nacos.client.remote.worker] INFO  c.a.n.c.r.client - [printIfInfoEnabled,60] - [e45e170f-41ff-471d-b845-2b39c78c13f2] Fail to connect server, after trying 1 times, last try server is {serverIp = '127.0.0.1', server main port = 8848}, error = unknown
17:59:29.443 [com.alibaba.nacos.client.remote.worker] INFO  c.a.n.c.r.client - [printIfInfoEnabled,60] - [230d6dca-e724-4b9a-93c2-d2cb2849cf62_config-0] Fail to connect server, after trying 1 times, last try server is {serverIp = '127.0.0.1', server main port = 8848}, error = unknown
17:59:31.693 [com.alibaba.nacos.client.remote.worker] INFO  c.a.n.c.r.client - [printIfInfoEnabled,60] - [e45e170f-41ff-471d-b845-2b39c78c13f2] Fail to connect server, after trying 2 times, last try server is {serverIp = '127.0.0.1', server main port = 8848}, error = unknown
17:59:31.693 [com.alibaba.nacos.client.remote.worker] INFO  c.a.n.c.r.client - [printIfInfoEnabled,60] - [230d6dca-e724-4b9a-93c2-d2cb2849cf62_config-0] Fail to connect server, after trying 2 times, last try server is {serverIp = '127.0.0.1', server main port = 8848}, error = unknown
17:59:32.772 [lettuce-eventExecutorLoop-1-3] INFO  i.l.c.p.ConnectionWatchdog - [log,171] - Reconnecting, last destination was localhost:6379
17:59:32.772 [lettuce-eventExecutorLoop-1-2] INFO  i.l.c.p.ConnectionWatchdog - [log,171] - Reconnecting, last destination was localhost:6379
17:59:33.122 [SpringApplicationShutdownHook] INFO  c.a.c.n.r.NacosServiceRegistry - [deregister,94] - De-registering from Nacos Server now...
17:59:33.453 [SpringApplicationShutdownHook] INFO  c.a.c.n.r.NacosServiceRegistry - [deregister,114] - De-registration finished.
17:59:33.779 [SpringApplicationShutdownHook] INFO  c.a.n.c.r.client - [shutdown,454] - Shutdown rpc client, set status to shutdown
17:59:33.780 [SpringApplicationShutdownHook] INFO  c.a.n.c.r.client - [shutdown,456] - Shutdown client event executor java.util.concurrent.ScheduledThreadPoolExecutor@2f76fa7d[Running, pool size = 2, active threads = 2, queued tasks = 0, completed tasks = 0]
17:59:33.780 [SpringApplicationShutdownHook] INFO  c.a.n.c.r.client - [closeConnection,591] - Close current connection 1657163731305_127.0.0.1_49848
17:59:33.781 [SpringApplicationShutdownHook] INFO  c.a.n.c.r.c.g.GrpcClient - [shutdown,85] - Shutdown grpc executor java.util.concurrent.ThreadPoolExecutor@6f384b23[Running, pool size = 7, active threads = 0, queued tasks = 0, completed tasks = 4865]
17:59:33.781 [com.alibaba.nacos.client.remote.worker] INFO  c.a.n.c.r.client - [printIfInfoEnabled,60] - [e45e170f-41ff-471d-b845-2b39c78c13f2] Notify disconnected event to listeners
17:59:33.782 [com.alibaba.nacos.client.remote.worker] INFO  c.a.n.c.r.client - [closeConnection,591] - Close current connection 1657163731305_127.0.0.1_49848
17:59:33.782 [com.alibaba.nacos.client.remote.worker] INFO  c.a.n.c.r.client - [printIfInfoEnabled,60] - [e45e170f-41ff-471d-b845-2b39c78c13f2] Fail to connect server, after trying 3 times, last try server is {serverIp = '127.0.0.1', server main port = 8848}, error = unknown
17:59:33.944 [SpringApplicationShutdownHook] INFO  c.b.d.d.DynamicRoutingDataSource - [destroy,205] - dynamic-datasource start closing ....
17:59:33.952 [SpringApplicationShutdownHook] INFO  c.a.d.p.DruidDataSource - [close,2051] - {dataSource-1} closing ...
17:59:33.962 [SpringApplicationShutdownHook] INFO  c.a.d.p.DruidDataSource - [close,2124] - {dataSource-1} closed
17:59:33.962 [SpringApplicationShutdownHook] INFO  c.b.d.d.DynamicRoutingDataSource - [destroy,209] - dynamic-datasource all closed success,bye
